{"/Users/yagneshmodh/Documents/projects/cvl_react_training/src/components/Alert/index.jsx": {"path":"/Users/yagneshmodh/Documents/projects/cvl_react_training/src/components/Alert/index.jsx","statementMap":{"0":{"start":{"line":8,"column":2},"end":{"line":49,"column":4}}},"fnMap":{"0":{"name":"Alert","decl":{"start":{"line":7,"column":9},"end":{"line":7,"column":14}},"loc":{"start":{"line":7,"column":48},"end":{"line":50,"column":1}},"line":7}},"branchMap":{"0":{"loc":{"start":{"line":29,"column":11},"end":{"line":31,"column":11}},"type":"binary-expr","locations":[{"start":{"line":29,"column":11},"end":{"line":29,"column":32}},{"start":{"line":30,"column":12},"end":{"line":30,"column":79}}],"line":29},"1":{"loc":{"start":{"line":32,"column":11},"end":{"line":34,"column":11}},"type":"binary-expr","locations":[{"start":{"line":32,"column":11},"end":{"line":32,"column":30}},{"start":{"line":33,"column":12},"end":{"line":33,"column":76}}],"line":32},"2":{"loc":{"start":{"line":35,"column":11},"end":{"line":37,"column":11}},"type":"binary-expr","locations":[{"start":{"line":35,"column":11},"end":{"line":35,"column":32}},{"start":{"line":36,"column":12},"end":{"line":36,"column":81}}],"line":35}},"s":{"0":7},"f":{"0":7},"b":{"0":[7,3],"1":[7,2],"2":[7,2]},"_coverageSchema":"1a1c01bbd47fc00a2c39e90264f33305004495a9","hash":"043fbee7ae4609122cdd03833aad7de19b4d7a3f"}
,"/Users/yagneshmodh/Documents/projects/cvl_react_training/src/components/Product/Product.jsx": {"path":"/Users/yagneshmodh/Documents/projects/cvl_react_training/src/components/Product/Product.jsx","statementMap":{"0":{"start":{"line":19,"column":2},"end":{"line":93,"column":4}},"1":{"start":{"line":50,"column":18},"end":{"line":53,"column":20}},"2":{"start":{"line":66,"column":18},"end":{"line":73,"column":19}},"3":{"start":{"line":67,"column":20},"end":{"line":70,"column":23}},"4":{"start":{"line":72,"column":20},"end":{"line":72,"column":45}},"5":{"start":{"line":84,"column":29},"end":{"line":84,"column":42}}},"fnMap":{"0":{"name":"Product","decl":{"start":{"line":4,"column":9},"end":{"line":4,"column":16}},"loc":{"start":{"line":18,"column":3},"end":{"line":94,"column":1}},"line":18},"1":{"name":"(anonymous_1)","decl":{"start":{"line":49,"column":25},"end":{"line":49,"column":26}},"loc":{"start":{"line":50,"column":18},"end":{"line":53,"column":20}},"line":50},"2":{"name":"(anonymous_2)","decl":{"start":{"line":65,"column":25},"end":{"line":65,"column":26}},"loc":{"start":{"line":65,"column":31},"end":{"line":74,"column":17}},"line":65},"3":{"name":"(anonymous_3)","decl":{"start":{"line":84,"column":23},"end":{"line":84,"column":24}},"loc":{"start":{"line":84,"column":29},"end":{"line":84,"column":42}},"line":84}},"branchMap":{"0":{"loc":{"start":{"line":44,"column":11},"end":{"line":89,"column":11}},"type":"cond-expr","locations":[{"start":{"line":45,"column":12},"end":{"line":79,"column":18}},{"start":{"line":81,"column":12},"end":{"line":88,"column":21}}],"line":44},"1":{"loc":{"start":{"line":48,"column":26},"end":{"line":48,"column":50}},"type":"binary-expr","locations":[{"start":{"line":48,"column":26},"end":{"line":48,"column":36}},{"start":{"line":48,"column":40},"end":{"line":48,"column":50}}],"line":48},"2":{"loc":{"start":{"line":64,"column":26},"end":{"line":64,"column":50}},"type":"binary-expr","locations":[{"start":{"line":64,"column":26},"end":{"line":64,"column":36}},{"start":{"line":64,"column":40},"end":{"line":64,"column":50}}],"line":64},"3":{"loc":{"start":{"line":66,"column":18},"end":{"line":73,"column":19}},"type":"if","locations":[{"start":{"line":66,"column":18},"end":{"line":73,"column":19}},{"start":{"line":71,"column":25},"end":{"line":73,"column":19}}],"line":66}},"s":{"0":3,"1":0,"2":0,"3":0,"4":0,"5":1},"f":{"0":3,"1":0,"2":0,"3":1},"b":{"0":[0,3],"1":[0,0],"2":[0,0],"3":[0,0]},"_coverageSchema":"1a1c01bbd47fc00a2c39e90264f33305004495a9","hash":"82c63363d7af0fb862d39abfd157eed96119ab84"}
,"/Users/yagneshmodh/Documents/projects/cvl_react_training/src/components/Review/index.jsx": {"path":"/Users/yagneshmodh/Documents/projects/cvl_react_training/src/components/Review/index.jsx","statementMap":{"0":{"start":{"line":5,"column":2},"end":{"line":5,"column":43}},"1":{"start":{"line":9,"column":2},"end":{"line":29,"column":4}},"2":{"start":{"line":15,"column":12},"end":{"line":22,"column":14}}},"fnMap":{"0":{"name":"classNames","decl":{"start":{"line":4,"column":9},"end":{"line":4,"column":19}},"loc":{"start":{"line":4,"column":32},"end":{"line":6,"column":1}},"line":4},"1":{"name":"Review","decl":{"start":{"line":8,"column":9},"end":{"line":8,"column":15}},"loc":{"start":{"line":8,"column":33},"end":{"line":30,"column":1}},"line":8},"2":{"name":"(anonymous_2)","decl":{"start":{"line":14,"column":31},"end":{"line":14,"column":32}},"loc":{"start":{"line":15,"column":12},"end":{"line":22,"column":14}},"line":15}},"branchMap":{"0":{"loc":{"start":{"line":18,"column":16},"end":{"line":18,"column":65}},"type":"cond-expr","locations":[{"start":{"line":18,"column":32},"end":{"line":18,"column":47}},{"start":{"line":18,"column":50},"end":{"line":18,"column":65}}],"line":18}},"s":{"0":15,"1":3,"2":15},"f":{"0":15,"1":3,"2":15},"b":{"0":[12,3]},"_coverageSchema":"1a1c01bbd47fc00a2c39e90264f33305004495a9","hash":"70784e225f0911900f7fd48ff22b46c4d00ce059"}
}
