TN:
SF:src/components/Alert/index.jsx
FN:7,Alert
FNF:1
FNH:1
FNDA:7,Alert
DA:8,7
LF:1
LH:1
BRDA:29,0,0,7
BRDA:29,0,1,3
BRDA:32,1,0,7
BRDA:32,1,1,2
BRDA:35,2,0,7
BRDA:35,2,1,2
BRF:6
BRH:6
end_of_record
TN:
SF:src/components/Product/Product.jsx
FN:4,Product
FN:49,(anonymous_1)
FN:65,(anonymous_2)
FN:84,(anonymous_3)
FNF:4
FNH:2
FNDA:3,Product
FNDA:0,(anonymous_1)
FNDA:0,(anonymous_2)
FNDA:1,(anonymous_3)
DA:19,3
DA:50,0
DA:66,0
DA:67,0
DA:72,0
DA:84,1
LF:6
LH:2
BRDA:44,0,0,0
BRDA:44,0,1,3
BRDA:48,1,0,0
BRDA:48,1,1,0
BRDA:64,2,0,0
BRDA:64,2,1,0
BRDA:66,3,0,0
BRDA:66,3,1,0
BRF:8
BRH:1
end_of_record
TN:
SF:src/components/Review/index.jsx
FN:4,classNames
FN:8,Review
FN:14,(anonymous_2)
FNF:3
FNH:3
FNDA:15,classNames
FNDA:3,Review
FNDA:15,(anonymous_2)
DA:5,15
DA:9,3
DA:15,15
LF:3
LH:3
BRDA:18,0,0,12
BRDA:18,0,1,3
BRF:2
BRH:2
end_of_record
